<?xml version="1.0" encoding="UTF-8"?>
<testng-results skipped="0" failed="0" ignored="0" total="1" passed="1">
  <reporter-output>
  </reporter-output>
  <suite name="Suite" duration-ms="14253" started-at="2017-12-30T13:43:54Z" finished-at="2017-12-30T13:44:08Z">
    <groups>
    </groups>
    <test name="Test" duration-ms="14253" started-at="2017-12-30T13:43:54Z" finished-at="2017-12-30T13:44:08Z">
      <class name="mytestmaven.gitjenkin.jenkingit">
        <test-method status="PASS" signature="test()[pri:0, instance:mytestmaven.gitjenkin.jenkingit@457e2f02]" name="test" duration-ms="14237" started-at="2017-12-30T19:13:54Z" finished-at="2017-12-30T19:14:08Z">
          <reporter-output>
          </reporter-output>
        </test-method> <!-- test -->
      </class> <!-- mytestmaven.gitjenkin.jenkingit -->
    </test> <!-- Test -->
  </suite> <!-- Suite -->
</testng-results>
